<?xml version="1.0" encoding="UTF-8"?>
<!-- Generated by org.testng.reporters.JUnitReportReporter -->
<testsuite hostname="DESKTOP-0BJR5S0" failures="0" tests="2" name="SPACELABS_.SafeNSound.SpacelabsTest1" time="4.438" errors="0" timestamp="2021-06-12T16:40:25 EDT" skipped="0">
  <testcase classname="SPACELABS_.SafeNSound.SpacelabsTest1" name="test1" time="1.942"/>
  <system-out/>
  <testcase classname="SPACELABS_.SafeNSound.SpacelabsTest1" name="test2" time="2.496"/>
  <system-out/>
</testsuite> <!-- SPACELABS_.SafeNSound.SpacelabsTest1 -->
