<?xml version="1.0" encoding="UTF-8"?>
<!-- Generated by org.testng.reporters.JUnitReportReporter -->
<testsuite hostname="DESKTOP-0BJR5S0" failures="0" tests="1" name="SPACELABS_.SafeNSound.SpacelabsTest2" time="5.344" errors="0" timestamp="2021-06-12T15:43:05 EDT" skipped="0">
  <testcase classname="SPACELABS_.SafeNSound.SpacelabsTest2" name="test2" time="5.344"/>
  <system-out/>
</testsuite> <!-- SPACELABS_.SafeNSound.SpacelabsTest2 -->
