<?xml version="1.0" encoding="UTF-8"?>
<!-- Generated by org.testng.reporters.JUnitReportReporter -->
<testsuite hostname="DESKTOP-0BJR5S0" failures="0" tests="2" name="SPACELABS_.SafeNSound.SpacelabsTest" time="3.798" errors="0" timestamp="2021-06-12T16:48:15 EDT" skipped="0">
  <testcase classname="SPACELABS_.SafeNSound.SpacelabsTest" name="test1" time="1.441"/>
  <system-out/>
  <testcase classname="SPACELABS_.SafeNSound.SpacelabsTest" name="test2" time="2.357"/>
  <system-out/>
</testsuite> <!-- SPACELABS_.SafeNSound.SpacelabsTest -->
